<?xml version="1.0" encoding="UTF-8"?>
<?xml-model href="../model.rng" type="application/xml" schematypens="http://relaxng.org/ns/structure/1.0"?>
<model xmlns="http://thinkdita.org/ns/model2dita">
	<projectname>Trello Guide</projectname>
	<language>en-US</language>
	<output-folder/>
	<folders>
		<keymaps>1</keymaps>
		<subfolders>0</subfolders>
		<img-folders>0</img-folders>
		<submaps>1</submaps>
	</folders>
	<topic>
		<level>1</level>
		<title>Project plans with Trello</title>
		<type>concept</type>
		<filename/>
	</topic>
	<topic>
		<level>2</level>
		<title>To-do lists</title>
		<type>concept</type>
		<filename/>
	</topic>
	<topic>
		<level>2</level>
		<title>Agile boards</title>
		<type>concept</type>
		<filename/>
	</topic>
	<topic>
		<level>2</level>
		<title>Brainstorming</title>
		<type>concept</type>
		<filename/>
	</topic>
	<topic>
		<level>3</level>
		<title>Voting</title>
		<type>concept</type>
		<filename/>
	</topic>
	<topic>
		<level>3</level>
		<title>Writing drafts</title>
		<type>concept</type>
		<filename/>
	</topic>
	<topic>
		<level>1</level>
		<title>Starting a Trello board</title>
		<type>task</type>
		<filename/>
	</topic>
	<topic>
		<level>2</level>
		<title>Creating an user account</title>
		<type>task</type>
		<filename/>
	</topic>
	<topic>
		<level>2</level>
		<title>Creating a personal organization</title>
		<type>task</type>
		<filename/>
	</topic>
	<topic>
		<level>2</level>
		<title>Creating a business organization</title>
		<type>task</type>
		<filename/>
	</topic>
	<topic>
		<level>3</level>
		<title>Creating a board</title>
		<type>task</type>
		<filename/>
	</topic>
	<topic>
		<level>4</level>
		<title>Inviting participants</title>
		<type>task</type>
		<filename/>
	</topic>
	<topic>
		<level>1</level>
		<title>Collaborating on the board</title>
		<type>task</type>
		<filename/>
	</topic>
	<topic>
		<level>2</level>
		<title>Creating lists on the board</title>
		<type>task</type>
		<filename/>
	</topic>
	<topic>
		<level>2</level>
		<title>Creating cards on the board</title>
		<type>task</type>
		<filename/>
	</topic>
	<topic>
		<level>2</level>
		<title>Assigning members to cards</title>
		<type>task</type>
		<filename/>
	</topic>
	<topic>
		<level>2</level>
		<title>Setting due dates</title>
		<type>task</type>
		<filename/>
	</topic>
	<topic>
		<level>2</level>
		<title>Setting labels</title>
		<type>task</type>
		<filename/>
	</topic>
	<topic>
		<level>2</level>
		<title>Prioritizing by voting on cards</title>
		<type>task</type>
		<filename/>
	</topic>
	<topic>
		<level>1</level>
		<title>Monitoring Trello boards</title>
		<type>task</type>
		<filename/>
	</topic>
	<topic>
		<level>2</level>
		<title>Checking activity history</title>
		<type>task</type>
		<filename/>
	</topic>
	<topic>
		<level>2</level>
		<title>Subscribing</title>
		<type>task</type>
		<filename/>
	</topic>
	<topic>
		<level>2</level>
		<title>Creating a calendar</title>
		<type>task</type>
		<filename/>
	</topic>
	<topic>
		<level>1</level>
		<title>Adding content to cards</title>
		<type>task</type>
		<filename/>
	</topic>
	<topic>
		<level>2</level>
		<title>Card title</title>
		<type>reference</type>
		<filename/>
	</topic>
	<topic>
		<level>2</level>
		<title>Card description</title>
		<type>reference</type>
		<filename/>
	</topic>
	<topic>
		<level>2</level>
		<title>Card checklists</title>
		<type>reference</type>
		<filename/>
	</topic>
	<topic>
		<level>2</level>
		<title>Card attachments</title>
		<type>reference</type>
		<filename/>
	</topic>
	<topic>
		<level>2</level>
		<title>Card comments</title>
		<type>reference</type>
		<filename/>
	</topic>
	<topic>
		<level>2</level>
		<title>Mentions on cards</title>
		<type>reference</type>
		<filename/>
	</topic>
	<topic>
		<level>1</level>
		<title>Exporting content from Trello</title>
		<type>task</type>
		<filename/>
	</topic>
	<topic>
		<level>2</level>
		<title>Sharing board contents</title>
		<type>task</type>
		<filename/>
	</topic>
	<topic>
		<level>2</level>
		<title>Printing board contents</title>
		<type>task</type>
		<filename/>
	</topic>
	<topic>
		<level>2</level>
		<title>Exporting board contents</title>
		<type>task</type>
		<filename/>
	</topic>
	<topic>
		<level>1</level>
		<title>Changing items</title>
		<type>task</type>
		<filename/>
	</topic>
	<topic>
		<level>2</level>
		<title>Moving items</title>
		<type>task</type>
		<filename/>
	</topic>
	<topic>
		<level>2</level>
		<title>Copying items</title>
		<type>task</type>
		<filename/>
	</topic>
	<topic>
		<level>2</level>
		<title>Archiving items</title>
		<type>task</type>
		<filename/>
	</topic>
	<topic>
		<level>2</level>
		<title>Deleting cards</title>
		<type>task</type>
		<filename/>
	</topic>
	<topic>
		<level>2</level>
		<title>Closing boards</title>
		<type>task</type>
		<filename/>
	</topic>
	<topic>
		<level>1</level>
		<title>Examples of boards</title>
		<type>reference</type>
		<filename/>
	</topic>
	<topic>
		<level>1</level>
		<title>Shortcuts and tips</title>
		<type>reference</type>
		<filename/>
	</topic>
</model>
